2024-07-16 17:58:35 - Failed to toggle mount: syno-games (Target path does not exist)
2024-07-16 18:17:32 - Created directory: /syno/games
2024-07-16 18:17:32 - Reloaded systemd configuration
2024-07-16 18:17:32 - Activated mount: syno-games
2024-07-16 18:24:10 - Created directory: /syno/archiv
2024-07-16 18:24:11 - Reloaded systemd configuration
2024-07-16 18:24:11 - Activated mount: syno-archiv
2024-07-16 18:30:16 - Created directory: /syno/backup
2024-07-16 18:30:16 - Reloaded systemd configuration
2024-07-16 18:30:16 - Activated mount: syno-backup
2024-07-16 18:34:37 - Reloaded systemd configuration
2024-07-16 18:34:37 - Deactivated mount: syno-games
2024-07-16 18:34:47 - Reloaded systemd configuration
2024-07-16 18:34:47 - Activated mount: syno-games
2024-07-16 18:34:47 - Reloaded systemd configuration
2024-07-16 18:34:47 - Activated mount: syno-games
2024-07-16 18:34:59 - Failed to deactivate mount: syno-games
2024-07-16 18:39:27 - Reloaded systemd configuration
2024-07-16 18:39:27 - Deactivated mount: syno-games
2024-07-16 18:41:20 - Created directory: /syno/cloudsync
2024-07-16 18:41:20 - Reloaded systemd configuration
2024-07-16 18:41:20 - Activated mount: syno-cloudsync
2024-07-16 18:41:41 - Reloaded systemd configuration
2024-07-16 18:41:41 - Deactivated mount: syno-cloudsync
2024-07-16 18:48:37 - Reloaded systemd configuration
2024-07-16 18:48:37 - Deactivated mount: syno-backup
2024-07-16 18:48:47 - Reloaded systemd configuration
2024-07-16 18:48:47 - Deactivated mount: syno-archiv
2024-07-16 18:48:53 - Reloaded systemd configuration
2024-07-16 18:48:53 - Activated mount: syno-archiv
2024-07-16 18:48:54 - Reloaded systemd configuration
2024-07-16 18:48:54 - Activated mount: syno-archiv
2024-07-16 18:48:57 - Reloaded systemd configuration
2024-07-16 18:48:57 - Deactivated mount: syno-archiv
2024-07-16 18:49:46 - Created directory: /syno/music
2024-07-16 18:49:47 - Reloaded systemd configuration
2024-07-16 18:49:47 - Activated mount: syno-music
2024-07-16 18:51:25 - Reloaded systemd configuration
2024-07-16 18:51:25 - Activated mount: syno-games
2024-07-16 18:51:26 - Reloaded systemd configuration
2024-07-16 18:51:26 - Activated mount: syno-games
2024-07-16 18:54:34 - Reloaded systemd configuration
2024-07-16 18:54:34 - Deactivated mount: syno-music
2024-07-16 20:59:35 - Reloaded systemd configuration
2024-07-16 20:59:35 - Activated mount: syno-home
2024-07-16 20:59:35 - Reloaded systemd configuration
2024-07-16 20:59:35 - Activated mount: syno-home
2024-07-16 21:03:40 - Reloaded systemd configuration
2024-07-16 21:03:40 - Activated mount: syno-music
2024-07-16 21:03:41 - Reloaded systemd configuration
2024-07-16 21:03:41 - Activated mount: syno-music
2024-07-16 21:04:31 - Reloaded systemd configuration
2024-07-16 21:04:31 - Deactivated mount: syno-music
2024-07-16 21:08:11 - Reloaded systemd configuration
2024-07-16 21:08:11 - Deactivated mount: syno-games
2024-07-16 21:08:18 - Reloaded systemd configuration
2024-07-16 21:08:18 - Deactivated mount: syno-home
2024-07-16 21:08:23 - Reloaded systemd configuration
2024-07-16 21:08:23 - Activated mount: syno-archiv
2024-07-16 21:08:24 - Reloaded systemd configuration
2024-07-16 21:08:24 - Activated mount: syno-backup
2024-07-16 21:08:27 - Reloaded systemd configuration
2024-07-16 21:08:27 - Activated mount: syno-cloudsync
2024-07-16 21:08:28 - Reloaded systemd configuration
2024-07-16 21:08:28 - Activated mount: syno-games
2024-07-16 21:08:29 - Reloaded systemd configuration
2024-07-16 21:08:29 - Activated mount: syno-home
2024-07-16 21:08:30 - Reloaded systemd configuration
2024-07-16 21:08:30 - Activated mount: syno-music
2024-07-16 21:08:32 - Reloaded systemd configuration
2024-07-16 21:08:32 - Activated mount: syno-share
2024-07-16 21:08:42 - Created directory: /syno/software
2024-07-16 21:08:42 - Reloaded systemd configuration
2024-07-16 21:08:43 - Activated mount: syno-software
2024-07-16 21:08:58 - Reloaded systemd configuration
2024-07-16 21:08:58 - Deactivated mount: syno-software
2024-07-16 21:09:07 - Failed to deactivate mount: syno-music (in use)
2024-07-16 21:33:22 - Reloaded systemd configuration
2024-07-16 21:33:22 - Activated mount: syno-software
2024-07-16 21:33:30 - Created directory: /syno/video
2024-07-16 21:33:31 - Reloaded systemd configuration
2024-07-16 21:33:31 - Activated mount: syno-video
2024-07-16 22:15:26 - Reloaded systemd configuration
2024-07-16 22:15:26 - Deactivated mount: syno-software
2024-07-16 22:15:35 - Reloaded systemd configuration
2024-07-16 22:15:35 - Activated mount: syno-software
2024-07-16 22:15:38 - Reloaded systemd configuration
2024-07-16 22:15:38 - Deactivated mount: syno-archiv
2024-07-16 22:20:40 - Copied custom mount syno-backup to script directory
2024-07-16 22:21:02 - Reloaded systemd configuration
2024-07-16 22:21:02 - Deactivated mount: syno-backup
2024-07-16 22:21:22 - Copied custom mount syno-downloads to script directory
2024-07-16 22:21:42 - Copied custom mount syno-cloudsync to script directory
2024-07-16 22:21:47 - Reloaded systemd configuration
2024-07-16 22:21:47 - Activated mount: syno-backup
2024-07-16 22:21:58 - Reloaded systemd configuration
2024-07-16 22:21:58 - Deactivated mount: syno-backup
2024-07-16 22:22:10 - Reloaded systemd configuration
2024-07-16 22:22:10 - Deactivated mount: syno-cloudsync
2024-07-16 22:22:15 - Reloaded systemd configuration
2024-07-16 22:22:15 - Deactivated mount: syno-downloads
2024-07-16 22:23:59 - Copied custom mount syno-games to script directory
2024-07-16 22:28:36 - Reloaded systemd configuration
2024-07-16 22:28:36 - Activated mount: syno-downloads
2024-07-16 22:36:35 - Reloaded systemd configuration
2024-07-16 22:36:35 - Activated mount: syno-backup
2024-07-16 22:36:38 - Reloaded systemd configuration
2024-07-16 22:36:38 - Activated mount: syno-cloudsync
2024-07-16 22:36:50 - Copied custom mount syno-music to script directory
2024-07-16 22:37:00 - Copied custom mount syno-share to script directory
2024-07-16 22:37:03 - Copied custom mount syno-home to script directory
2024-07-16 22:37:09 - Copied custom mount syno-video to script directory
2024-07-17 10:50:58 - Reloaded systemd configuration
2024-07-17 10:50:58 - Activated mount: syno-software
2024-07-17 10:51:12 - Reloaded systemd configuration
2024-07-17 10:51:12 - Deactivated mount: syno-software
2024-07-17 10:51:33 - Reloaded systemd configuration
2024-07-17 10:51:33 - Activated mount: syno-games
2024-07-17 10:51:35 - Reloaded systemd configuration
2024-07-17 10:51:35 - Deactivated mount: syno-games
2024-07-17 10:55:31 - Reloaded systemd configuration
2024-07-17 10:55:36 - Activated mount: syno-video
2024-07-17 10:55:39 - Reloaded systemd configuration
2024-07-17 10:55:39 - Deactivated mount: syno-video
2024-07-17 10:55:43 - Reloaded systemd configuration
2024-07-17 10:55:43 - Deactivated mount: syno-downloads
2024-07-17 10:55:44 - Reloaded systemd configuration
2024-07-17 10:55:46 - Created and enabled automount for syno-downloads
2024-07-17 11:16:43 - Reloaded systemd configuration
2024-07-17 11:16:48 - Created and enabled automount for syno-software
2024-07-17 11:18:08 - Reloaded systemd configuration
2024-07-17 11:18:14 - Created and enabled automount for syno-software
2024-07-17 11:19:30 - Reloaded systemd configuration
2024-07-17 11:19:34 - Created and enabled automount for syno-music
2024-07-17 12:03:57 - Reloaded systemd configuration
2024-07-17 12:04:01 - Activated mount: syno-cloudsync
2024-07-17 12:04:11 - Failed to deactivate mount: syno-cloudsync (in use)
2024-07-17 12:04:22 - Reloaded systemd configuration
2024-07-17 12:04:22 - Deactivated mount: syno-cloudsync
2024-07-17 12:04:28 - Reloaded systemd configuration
2024-07-17 12:04:35 - Enabled syno-cloudsync for automatic mounting at system startup
2024-07-17 12:06:28 - Reloaded systemd configuration
2024-07-17 12:06:31 - Activated mount: syno-share
2024-07-17 12:08:10 - Failed to deactivate mount: syno-share (in use)
2024-07-17 12:14:34 - Failed to deactivate mount: syno-share (in use)
2024-07-17 12:14:59 - Reloaded systemd configuration
2024-07-17 12:14:59 - Deactivated mount: syno-share
2024-07-17 12:17:49 - Reloaded systemd configuration
2024-07-17 12:22:46 - Reloaded systemd configuration
2024-07-17 12:22:46 - Activated mount: syno-video
2024-07-17 12:22:57 - Failed to deactivate mount: syno-video (in use)
2024-07-17 12:23:05 - Reloaded systemd configuration
2024-07-17 12:23:05 - Deactivated mount: syno-video
2024-07-17 15:47:28 - Reloaded systemd configuration
2024-07-17 15:47:28 - Activated mount: syno-cloudsync
2024-07-17 16:49:17 - Created and enabled automount for syno-video
